{
 "numFailedTestSuites": 0,
 "numFailedTests": 0,
 "numPassedTestSuites": 1,
 "numPassedTests": 3,
 "numPendingTestSuites": 0,
 "numPendingTests": 1,
 "numRuntimeErrorTestSuites": 0,
 "numTodoTests": 0,
 "numTotalTestSuites": 1,
 "numTotalTests": 4,
 "openHandles": [],
 "snapshot": {
  "added": 0,
  "didUpdate": false,
  "failure": false,
  "filesAdded": 0,
  "filesRemoved": 0,
  "filesRemovedList": [],
  "filesUnmatched": 0,
  "filesUpdated": 0,
  "matched": 0,
  "total": 0,
  "unchecked": 0,
  "uncheckedKeysByFile": [],
  "unmatched": 0,
  "updated": 0
 },
 "startTime": 1788588964821,
 "success": true,
 "testResults": [
  {
   "assertionResults": [
    {
     "ancestorTitles": [
      "add"
     ],
     "duration": 1,
     "failureDetails": [],
     "failureMessages": [],
     "fullName": "add adds two numbers",
     "invocations": 1,
     "location": {
      "column": 3,
      "line": 4
     },
     "numPassingAsserts": 1,
     "retryReasons": [],
     "status": "passed",
     "title": "adds two numbers"
    },
    {
     "ancestorTitles": [
      "add"
     ],
     "duration": 0,
     "failureDetails": [],
     "failureMessages": [],
     "fullName": "add adds zero",
     "invocations": 1,
     "location": {
      "column": 3,
      "line": 7
     },
     "numPassingAsserts": 1,
     "retryReasons": [],
     "status": "passed",
     "title": "adds zero"
    },
    {
     "ancestorTitles": [
      "add"
     ],
     "duration": null,
     "failureDetails": [],
     "failureMessages": [],
     "fullName": "add pending case",
     "invocations": 1,
     "location": {
      "column": 8,
      "line": 10
     },
     "numPassingAsserts": 0,
     "retryReasons": [],
     "status": "pending",
     "title": "pending case"
    },
    {
     "ancestorTitles": [],
     "duration": 0,
     "failureDetails": [],
     "failureMessages": [],
     "fullName": "top level failure",
     "invocations": 1,
     "location": {
      "column": 1,
      "line": 13
     },
     "numPassingAsserts": 1,
     "retryReasons": [],
     "status": "passed",
     "title": "top level failure"
    }
   ],
   "endTime": 1788588964983,
   "message": "",
   "name": "/repo/__tests__/math.test.js",
   "startTime": 1788588964841,
   "status": "focused",
   "summary": ""
  }
 ],
 "wasInterrupted": false
}
