{"numTotalTestSuites":2,"numPassedTestSuites":2,"numFailedTestSuites":0,"numPendingTestSuites":0,"numTotalTests":4,"numPassedTests":3,"numFailedTests":0,"numPendingTests":1,"numTodoTests":0,"snapshot":{"added":0,"failure":false,"filesAdded":0,"filesRemoved":0,"filesRemovedList":[],"filesUnmatched":0,"filesUpdated":0,"matched":0,"total":0,"unchecked":0,"uncheckedKeysByFile":[],"unmatched":0,"updated":0,"didUpdate":false},"startTime":1788588992093,"success":true,"testResults":[{"assertionResults":[{"ancestorTitles":["add"],"fullName":"add adds two numbers","status":"passed","title":"adds two numbers","duration":0.8037499999999937,"failureMessages":[],"meta":{},"tags":[],"benchmarks":[]},{"ancestorTitles":["add"],"fullName":"add adds zero","status":"passed","title":"adds zero","duration":0.093166999999994,"failureMessages":[],"meta":{},"tags":[],"benchmarks":[]},{"ancestorTitles":["add"],"fullName":"add pending case","status":"skipped","title":"pending case","failureMessages":[],"meta":{},"tags":[],"benchmarks":[]},{"ancestorTitles":[],"fullName":"top level failure","status":"passed","title":"top level failure","duration":0.07500000000000284,"failureMessages":[],"meta":{},"tags":[],"benchmarks":[]}],"startTime":1788588992190,"endTime":1788588992191.0933,"status":"passed","message":"","name":"/repo/test/math.test.js"}]}JSON report written to /dev/stdout
