{"numTotalTestSuites":2,"numPassedTestSuites":0,"numFailedTestSuites":2,"numPendingTestSuites":0,"numTotalTests":4,"numPassedTests":1,"numFailedTests":2,"numPendingTests":1,"numTodoTests":0,"snapshot":{"added":0,"failure":false,"filesAdded":0,"filesRemoved":0,"filesRemovedList":[],"filesUnmatched":0,"filesUpdated":0,"matched":0,"total":0,"unchecked":0,"uncheckedKeysByFile":[],"unmatched":0,"updated":0,"didUpdate":false},"startTime":1788588991544,"success":false,"testResults":[{"assertionResults":[{"ancestorTitles":["add"],"fullName":"add adds two numbers","status":"failed","title":"adds two numbers","duration":3.649165999999994,"failureMessages":["AssertionError: expected -1 to be 3 // Object.is equality\n    at /repo/test/math.test.js:7:23\n    at file:///repo/node_modules/vitest/dist/chunks/run.CQOUYP-x.js:1628:35\n    at file:///repo/node_modules/vitest/dist/chunks/run.CQOUYP-x.js:2783:26\n    at file:///repo/node_modules/vitest/dist/chunks/run.CQOUYP-x.js:3319:20\n    at new Promise (<anonymous>)\n    at runWithCancel (file:///repo/node_modules/vitest/dist/chunks/run.CQOUYP-x.js:3314:10)\n    at file:///repo/node_modules/vitest/dist/chunks/run.CQOUYP-x.js:3299:20\n    at new Promise (<anonymous>)\n    at runWithTimeout (file:///repo/node_modules/vitest/dist/chunks/run.CQOUYP-x.js:3257:10)\n    at file:///repo/node_modules/vitest/dist/chunks/run.CQOUYP-x.js:3876:64"],"meta":{},"tags":[],"benchmarks":[]},{"ancestorTitles":["add"],"fullName":"add adds zero","status":"passed","title":"adds zero","duration":0.13870799999999406,"failureMessages":[],"meta":{},"tags":[],"benchmarks":[]},{"ancestorTitles":["add"],"fullName":"add pending case","status":"skipped","title":"pending case","failureMessages":[],"meta":{},"tags":[],"benchmarks":[]},{"ancestorTitles":[],"fullName":"top level failure","status":"failed","title":"top level failure","duration":0.3374170000000021,"failureMessages":["AssertionError: expected 4 to be 6 // Object.is equality\n    at /repo/test/math.test.js:16:21\n    at file:///repo/node_modules/vitest/dist/chunks/run.CQOUYP-x.js:1628:35\n    at file:///repo/node_modules/vitest/dist/chunks/run.CQOUYP-x.js:2783:26\n    at file:///repo/node_modules/vitest/dist/chunks/run.CQOUYP-x.js:3319:20\n    at new Promise (<anonymous>)\n    at runWithCancel (file:///repo/node_modules/vitest/dist/chunks/run.CQOUYP-x.js:3314:10)\n    at file:///repo/node_modules/vitest/dist/chunks/run.CQOUYP-x.js:3299:20\n    at new Promise (<anonymous>)\n    at runWithTimeout (file:///repo/node_modules/vitest/dist/chunks/run.CQOUYP-x.js:3257:10)\n    at file:///repo/node_modules/vitest/dist/chunks/run.CQOUYP-x.js:3876:64"],"meta":{},"tags":[],"benchmarks":[]}],"startTime":1788588991666,"endTime":1788588991670.3374,"status":"failed","message":"","name":"/repo/test/math.test.js"}]}JSON report written to /dev/stdout
